0 info it worked if it ends with ok
1 verbose cli [ 'C:\\Program Files (x86)\\nodejs\\\\node.exe',
1 verbose cli   'C:\\Program Files (x86)\\nodejs\\node_modules\\npm\\bin\\npm-cli.js',
1 verbose cli   'start' ]
2 info using npm@1.4.28
3 info using node@v0.10.36
4 verbose node symlink C:\Program Files (x86)\nodejs\\node.exe
5 verbose run-script [ 'prestart', 'start', 'poststart' ]
6 info prestart LazyDJ@0.0.0
7 info start LazyDJ@0.0.0
8 verbose unsafe-perm in lifecycle true
9 info LazyDJ@0.0.0 Failed to exec start script
10 error LazyDJ@0.0.0 start: `node ./bin/www`
10 error spawn ENOENT
11 error Failed at the LazyDJ@0.0.0 start script.
11 error This is most likely a problem with the LazyDJ package,
11 error not with npm itself.
11 error Tell the author that this fails on your system:
11 error     node ./bin/www
11 error You can get their info via:
11 error     npm owner ls LazyDJ
11 error There is likely additional logging output above.
12 error System Windows_NT 6.2.9200
13 error command "C:\\Program Files (x86)\\nodejs\\\\node.exe" "C:\\Program Files (x86)\\nodejs\\node_modules\\npm\\bin\\npm-cli.js" "start"
14 error cwd C:\Users\deguc_000\LazySoundSystem
15 error node -v v0.10.36
16 error npm -v 1.4.28
17 error syscall spawn
18 error code ELIFECYCLE
19 error errno ENOENT
20 verbose exit [ 1, true ]
